  Simulacion.cpp
  cola_clientes.cpp
C:\Users\jass0\source\repos\ProyectoUnegTienda\ProyectoUnegTienda\cola_clientes.cpp(104,35): warning C4267: '=': conversion from 'size_t' to 'int', possible loss of data
C:\Users\jass0\source\repos\ProyectoUnegTienda\ProyectoUnegTienda\cola_clientes.cpp(123,44): warning C4553: '==': result of expression not used; did you intend '='?
  factura.cpp
  pila.cpp
C:\Users\jass0\source\repos\ProyectoUnegTienda\ProyectoUnegTienda\pila.cpp(47,5): warning C4996: 'strcpy': This function or variable may be unsafe. Consider using strcpy_s instead. To disable deprecation, use _CRT_SECURE_NO_WARNINGS. See online help for details.
C:\Users\jass0\source\repos\ProyectoUnegTienda\ProyectoUnegTienda\pila.cpp(49,5): warning C4996: 'strcpy': This function or variable may be unsafe. Consider using strcpy_s instead. To disable deprecation, use _CRT_SECURE_NO_WARNINGS. See online help for details.
C:\Users\jass0\source\repos\ProyectoUnegTienda\ProyectoUnegTienda\pila.cpp(53,5): warning C4996: 'strcpy': This function or variable may be unsafe. Consider using strcpy_s instead. To disable deprecation, use _CRT_SECURE_NO_WARNINGS. See online help for details.
C:\Users\jass0\source\repos\ProyectoUnegTienda\ProyectoUnegTienda\pila.cpp(55,5): warning C4996: 'strcpy': This function or variable may be unsafe. Consider using strcpy_s instead. To disable deprecation, use _CRT_SECURE_NO_WARNINGS. See online help for details.
C:\Users\jass0\source\repos\ProyectoUnegTienda\ProyectoUnegTienda\pila.cpp(59,5): warning C4996: 'strcpy': This function or variable may be unsafe. Consider using strcpy_s instead. To disable deprecation, use _CRT_SECURE_NO_WARNINGS. See online help for details.
C:\Users\jass0\source\repos\ProyectoUnegTienda\ProyectoUnegTienda\pila.cpp(61,5): warning C4996: 'strcpy': This function or variable may be unsafe. Consider using strcpy_s instead. To disable deprecation, use _CRT_SECURE_NO_WARNINGS. See online help for details.
C:\Users\jass0\source\repos\ProyectoUnegTienda\ProyectoUnegTienda\pila.cpp(65,5): warning C4996: 'strcpy': This function or variable may be unsafe. Consider using strcpy_s instead. To disable deprecation, use _CRT_SECURE_NO_WARNINGS. See online help for details.
C:\Users\jass0\source\repos\ProyectoUnegTienda\ProyectoUnegTienda\pila.cpp(67,5): warning C4996: 'strcpy': This function or variable may be unsafe. Consider using strcpy_s instead. To disable deprecation, use _CRT_SECURE_NO_WARNINGS. See online help for details.
C:\Users\jass0\source\repos\ProyectoUnegTienda\ProyectoUnegTienda\pila.cpp(71,5): warning C4996: 'strcpy': This function or variable may be unsafe. Consider using strcpy_s instead. To disable deprecation, use _CRT_SECURE_NO_WARNINGS. See online help for details.
C:\Users\jass0\source\repos\ProyectoUnegTienda\ProyectoUnegTienda\pila.cpp(73,5): warning C4996: 'strcpy': This function or variable may be unsafe. Consider using strcpy_s instead. To disable deprecation, use _CRT_SECURE_NO_WARNINGS. See online help for details.
C:\Users\jass0\source\repos\ProyectoUnegTienda\ProyectoUnegTienda\pila.cpp(77,5): warning C4996: 'strcpy': This function or variable may be unsafe. Consider using strcpy_s instead. To disable deprecation, use _CRT_SECURE_NO_WARNINGS. See online help for details.
C:\Users\jass0\source\repos\ProyectoUnegTienda\ProyectoUnegTienda\pila.cpp(79,5): warning C4996: 'strcpy': This function or variable may be unsafe. Consider using strcpy_s instead. To disable deprecation, use _CRT_SECURE_NO_WARNINGS. See online help for details.
C:\Users\jass0\source\repos\ProyectoUnegTienda\ProyectoUnegTienda\pila.cpp(83,5): warning C4996: 'strcpy': This function or variable may be unsafe. Consider using strcpy_s instead. To disable deprecation, use _CRT_SECURE_NO_WARNINGS. See online help for details.
C:\Users\jass0\source\repos\ProyectoUnegTienda\ProyectoUnegTienda\pila.cpp(85,5): warning C4996: 'strcpy': This function or variable may be unsafe. Consider using strcpy_s instead. To disable deprecation, use _CRT_SECURE_NO_WARNINGS. See online help for details.
C:\Users\jass0\source\repos\ProyectoUnegTienda\ProyectoUnegTienda\pila.cpp(89,5): warning C4996: 'strcpy': This function or variable may be unsafe. Consider using strcpy_s instead. To disable deprecation, use _CRT_SECURE_NO_WARNINGS. See online help for details.
C:\Users\jass0\source\repos\ProyectoUnegTienda\ProyectoUnegTienda\pila.cpp(91,5): warning C4996: 'strcpy': This function or variable may be unsafe. Consider using strcpy_s instead. To disable deprecation, use _CRT_SECURE_NO_WARNINGS. See online help for details.
C:\Users\jass0\source\repos\ProyectoUnegTienda\ProyectoUnegTienda\pila.cpp(95,5): warning C4996: 'strcpy': This function or variable may be unsafe. Consider using strcpy_s instead. To disable deprecation, use _CRT_SECURE_NO_WARNINGS. See online help for details.
C:\Users\jass0\source\repos\ProyectoUnegTienda\ProyectoUnegTienda\pila.cpp(97,5): warning C4996: 'strcpy': This function or variable may be unsafe. Consider using strcpy_s instead. To disable deprecation, use _CRT_SECURE_NO_WARNINGS. See online help for details.
C:\Users\jass0\source\repos\ProyectoUnegTienda\ProyectoUnegTienda\pila.cpp(101,5): warning C4996: 'strcpy': This function or variable may be unsafe. Consider using strcpy_s instead. To disable deprecation, use _CRT_SECURE_NO_WARNINGS. See online help for details.
C:\Users\jass0\source\repos\ProyectoUnegTienda\ProyectoUnegTienda\pila.cpp(103,5): warning C4996: 'strcpy': This function or variable may be unsafe. Consider using strcpy_s instead. To disable deprecation, use _CRT_SECURE_NO_WARNINGS. See online help for details.
  Generating Code...
  cola_clientes.obj : MSIL module encountered; incremental linking is disabled for MSIL; performing full link
  ProyectoUnegTienda.vcxproj -> C:\Users\jass0\source\repos\ProyectoUnegTienda\x64\Debug\ProyectoUnegTienda.exe
