c:\users\azocar\documents\github\proyectounegtienda\proyectounegtienda\x64\debug\vc143.pdb
c:\users\azocar\documents\github\proyectounegtienda\proyectounegtienda\x64\debug\.netframework,version=v4.8.assemblyattributes.obj
c:\users\azocar\documents\github\proyectounegtienda\proyectounegtienda\x64\debug\pila.obj
c:\users\azocar\documents\github\proyectounegtienda\proyectounegtienda\x64\debug\cola_clientes.obj
c:\users\azocar\documents\github\proyectounegtienda\proyectounegtienda\x64\debug\simulacion.obj
c:\users\azocar\documents\github\proyectounegtienda\proyectounegtienda\x64\debug\main.obj
c:\users\azocar\documents\github\proyectounegtienda\proyectounegtienda\x64\debug\factura.obj
c:\users\jass0\source\repos\proyectounegtienda\proyectounegtienda\x64\debug\vc143.pdb
c:\users\jass0\source\repos\proyectounegtienda\proyectounegtienda\x64\debug\.netframework,version=v4.8.assemblyattributes.obj
c:\users\jass0\source\repos\proyectounegtienda\proyectounegtienda\x64\debug\main.obj
c:\users\azocar\documents\github\proyectounegtienda\x64\debug\proyectounegtienda.exe
c:\users\azocar\documents\github\proyectounegtienda\x64\debug\proyectounegtienda.pdb
c:\users\jass0\source\repos\proyectounegtienda\proyectounegtienda\x64\debug\simulacion.obj
c:\users\jass0\source\repos\proyectounegtienda\x64\debug\proyectounegtienda.pdb
c:\users\jass0\source\repos\proyectounegtienda\proyectounegtienda\x64\debug\proyecto.ff0c04ee.tlog\cl.command.1.tlog
c:\users\jass0\source\repos\proyectounegtienda\proyectounegtienda\x64\debug\proyecto.ff0c04ee.tlog\cl.items.tlog
c:\users\jass0\source\repos\proyectounegtienda\proyectounegtienda\x64\debug\proyecto.ff0c04ee.tlog\cl.read.1.tlog
c:\users\jass0\source\repos\proyectounegtienda\proyectounegtienda\x64\debug\proyecto.ff0c04ee.tlog\cl.write.1.tlog
c:\users\jass0\source\repos\proyectounegtienda\proyectounegtienda\x64\debug\proyecto.ff0c04ee.tlog\link.22004.read.1.tlog
c:\users\jass0\source\repos\proyectounegtienda\proyectounegtienda\x64\debug\proyecto.ff0c04ee.tlog\link.22004.read.2.tlog
c:\users\jass0\source\repos\proyectounegtienda\proyectounegtienda\x64\debug\proyecto.ff0c04ee.tlog\link.22004.read.3.tlog
c:\users\jass0\source\repos\proyectounegtienda\proyectounegtienda\x64\debug\proyecto.ff0c04ee.tlog\link.22004.read.4.tlog
c:\users\jass0\source\repos\proyectounegtienda\proyectounegtienda\x64\debug\proyecto.ff0c04ee.tlog\link.22004.write.1.tlog
c:\users\jass0\source\repos\proyectounegtienda\proyectounegtienda\x64\debug\proyecto.ff0c04ee.tlog\link.35604.read.1.tlog
c:\users\jass0\source\repos\proyectounegtienda\proyectounegtienda\x64\debug\proyecto.ff0c04ee.tlog\link.35604.read.2.tlog
c:\users\jass0\source\repos\proyectounegtienda\proyectounegtienda\x64\debug\proyecto.ff0c04ee.tlog\link.35604.read.3.tlog
c:\users\jass0\source\repos\proyectounegtienda\proyectounegtienda\x64\debug\proyecto.ff0c04ee.tlog\link.35604.read.4.tlog
c:\users\jass0\source\repos\proyectounegtienda\proyectounegtienda\x64\debug\proyecto.ff0c04ee.tlog\link.35604.write.1.tlog
c:\users\jass0\source\repos\proyectounegtienda\proyectounegtienda\x64\debug\proyecto.ff0c04ee.tlog\link.command.1.tlog
c:\users\jass0\source\repos\proyectounegtienda\proyectounegtienda\x64\debug\proyecto.ff0c04ee.tlog\link.read.1.tlog
c:\users\jass0\source\repos\proyectounegtienda\proyectounegtienda\x64\debug\proyecto.ff0c04ee.tlog\link.read.2.tlog
c:\users\jass0\source\repos\proyectounegtienda\proyectounegtienda\x64\debug\proyecto.ff0c04ee.tlog\link.read.3.tlog
c:\users\jass0\source\repos\proyectounegtienda\proyectounegtienda\x64\debug\proyecto.ff0c04ee.tlog\link.read.4.tlog
c:\users\jass0\source\repos\proyectounegtienda\proyectounegtienda\x64\debug\proyecto.ff0c04ee.tlog\link.secondary.1.tlog
c:\users\jass0\source\repos\proyectounegtienda\proyectounegtienda\x64\debug\proyecto.ff0c04ee.tlog\link.write.1.tlog
c:\users\jass0\source\repos\proyectounegtienda\proyectounegtienda\x64\debug\proyecto.ff0c04ee.tlog\metagen.read.1.tlog
c:\users\jass0\source\repos\proyectounegtienda\proyectounegtienda\x64\debug\proyecto.ff0c04ee.tlog\metagen.write.1.tlog
c:\users\jass0\source\repos\proyectounegtienda\proyectounegtienda\x64\debug\proyecto.ff0c04ee.tlog\resgen.command.1.tlog
c:\users\jass0\source\repos\proyectounegtienda\proyectounegtienda\x64\debug\proyecto.ff0c04ee.tlog\resgen.read.1.tlog
c:\users\jass0\source\repos\proyectounegtienda\proyectounegtienda\x64\debug\proyecto.ff0c04ee.tlog\resgen.write.1.tlog
